Build started 20.02.2017 22:50:53.
     1>Project "c:\Users\N750\documents\visual studio 2010\Projects\list\list\list.vcxproj" on node 2 (build target(s)).
     1>PrepareForBuild:
         Creating directory "c:\users\n750\documents\visual studio 2010\Projects\list\Debug\".
       InitializeBuildStatus:
         Creating "Debug\list.unsuccessfulbuild" because "AlwaysCreate" was specified.
       ClCompile:
         C:\Program Files (x86)\Microsoft Visual Studio 10.0\VC\bin\CL.exe /c /ZI /nologo /W3 /WX- /Od /Oy- /D WIN32 /D _DEBUG /D _CONSOLE /D _UNICODE /D UNICODE /Gm /EHsc /RTC1 /MDd /GS /fp:precise /Zc:wchar_t /Zc:forScope /Fo"Debug\\" /Fd"Debug\vc100.pdb" /Gd /TP /analyze- /errorReport:prompt main.cpp
         main.cpp
       ManifestResourceCompile:
         C:\Program Files (x86)\Microsoft SDKs\Windows\v7.0A\bin\rc.exe /nologo /fo"Debug\list.exe.embed.manifest.res" Debug\list_manifest.rc 
       Link:
         C:\Program Files (x86)\Microsoft Visual Studio 10.0\VC\bin\link.exe /ERRORREPORT:PROMPT /OUT:"c:\users\n750\documents\visual studio 2010\Projects\list\Debug\list.exe" /INCREMENTAL /NOLOGO kernel32.lib user32.lib gdi32.lib winspool.lib comdlg32.lib advapi32.lib shell32.lib ole32.lib oleaut32.lib uuid.lib odbc32.lib odbccp32.lib /MANIFEST /ManifestFile:"Debug\list.exe.intermediate.manifest" /MANIFESTUAC:"level='asInvoker' uiAccess='false'" /DEBUG /PDB:"c:\users\n750\documents\visual studio 2010\Projects\list\Debug\list.pdb" /SUBSYSTEM:CONSOLE /TLBID:1 /DYNAMICBASE /NXCOMPAT /IMPLIB:"c:\users\n750\documents\visual studio 2010\Projects\list\Debug\list.lib" /MACHINE:X86 Debug\list.exe.embed.manifest.res
         Debug\main.obj
       Manifest:
         C:\Program Files (x86)\Microsoft SDKs\Windows\v7.0A\bin\mt.exe /nologo /verbose /out:"Debug\list.exe.embed.manifest" /manifest Debug\list.exe.intermediate.manifest
         C:\Program Files (x86)\Microsoft SDKs\Windows\v7.0A\bin\rc.exe /nologo /fo"Debug\list.exe.embed.manifest.res" Debug\list_manifest.rc 
       LinkEmbedManifest:
         C:\Program Files (x86)\Microsoft Visual Studio 10.0\VC\bin\link.exe /ERRORREPORT:PROMPT /OUT:"c:\users\n750\documents\visual studio 2010\Projects\list\Debug\list.exe" /INCREMENTAL /NOLOGO kernel32.lib user32.lib gdi32.lib winspool.lib comdlg32.lib advapi32.lib shell32.lib ole32.lib oleaut32.lib uuid.lib odbc32.lib odbccp32.lib /MANIFEST /ManifestFile:"Debug\list.exe.intermediate.manifest" /MANIFESTUAC:"level='asInvoker' uiAccess='false'" /DEBUG /PDB:"c:\users\n750\documents\visual studio 2010\Projects\list\Debug\list.pdb" /SUBSYSTEM:CONSOLE /TLBID:1 /DYNAMICBASE /NXCOMPAT /IMPLIB:"c:\users\n750\documents\visual studio 2010\Projects\list\Debug\list.lib" /MACHINE:X86 Debug\list.exe.embed.manifest.res
         Debug\main.obj
         list.vcxproj -> c:\users\n750\documents\visual studio 2010\Projects\list\Debug\list.exe
       FinalizeBuildStatus:
         Deleting file "Debug\list.unsuccessfulbuild".
         Touching "Debug\list.lastbuildstate".
     1>Done Building Project "c:\Users\N750\documents\visual studio 2010\Projects\list\list\list.vcxproj" (build target(s)).

Build succeeded.

Time Elapsed 00:00:01.34
